This file contains any messages produced by compilers while
running configure, to aid debugging if configure makes a mistake.

It was created by configure, which was
generated by GNU Autoconf 2.69.  Invocation command line was

  $ ./configure 

## --------- ##
## Platform. ##
## --------- ##

hostname = ubuntu
uname -m = x86_64
uname -r = 3.13.0-44-generic
uname -s = Linux
uname -v = #73-Ubuntu SMP Tue Dec 16 00:22:43 UTC 2014

/usr/bin/uname -p = unknown
/bin/uname -X     = unknown

/bin/arch              = unknown
/usr/bin/arch -k       = unknown
/usr/convex/getsysinfo = unknown
/usr/bin/hostinfo      = unknown
/bin/machine           = unknown
/usr/bin/oslevel       = unknown
/bin/universe          = unknown

PATH: /home/thierry/bin
PATH: /usr/local/sbin
PATH: /usr/local/bin
PATH: /usr/sbin
PATH: /usr/bin
PATH: /sbin
PATH: /bin
PATH: /usr/games
PATH: /usr/local/games
PATH: /opt/intel/bin


## ----------- ##
## Core tests. ##
## ----------- ##

configure:2640: result: For more verbose output, run ./configure --enable-verbose
configure:2664: checking if your path has 'program files/java' instead of 'Program Files/Java' 
configure:2679: result: ok
configure:2719: checking if $PTII ('/mnt/hgfs/proj/cxb-jni/ptolemyII-jni/src') has backslashes
configure:2724: result: ok
configure:2736: checking if $PTII ('/mnt/hgfs/proj/cxb-jni/ptolemyII-jni/src') and the current directory are the same"
configure:2751: checking if $PTII ('/mnt/hgfs/proj/cxb-jni/ptolemyII-jni/src') contains "cygdrive"
configure:2756: result: ok
configure:2968: checking for find
configure:2998: result: /usr/bin/find
configure:3065: checking for javac
configure:3083: found /usr/bin/javac
configure:3095: result: /usr/bin/javac
configure:3119: checking PTJAVA_DIR == /usr, checking for links
configure:3124: checking the value of the Java directory 
configure:3128: checking for java
configure:3146: found /usr/bin/java
configure:3158: result: /usr/bin/java
configure:3175: result: ok
configure:3302: checking for java32
configure:3335: result: no
configure:3397: WARNING: Running java -d32 -version failed,
    and ./bin/java does not exist.
    Perhaps you need to install a separate 32-bit JVM
    or rerun configure with --with-java32?
    The 32-bit JVM is only needed for certain 32-bit FMI tests.
    In general, under a 64-bit JVM, FMI will work fine without a 32-bit JVM.
configure:3418: checking for the java runtime in /usr/lib/jvm/java-8-oracle/bin
configure:3421: result: ok
configure:3426: checking for java
configure:3456: result: /usr/bin/java
configure:3477: WARNING: '/usr/lib/jvm/java-8-oracle/bin/java' is not
    the same as '/usr/bin/java'.
    Perhaps '/usr/bin/java' is in your path before
    '/usr/lib/jvm/java-8-oracle/bin/java'?
    If you have problems later, be sure that you don't have a mismatch
    in JDK versions.
configure:3565: checking for the java compiler in /usr/lib/jvm/java-8-oracle/bin
configure:3568: result: ok
configure:3573: checking for javac
configure:3603: result: /usr/bin/javac
configure:3634: WARNING: '/usr/lib/jvm/java-8-oracle/bin/javac' is not
	 the same as '/usr/bin/javac'.
	 Perhaps '/usr/bin/javac' is in your path
	 before '/usr/lib/jvm/java-8-oracle/bin/javac'?
	 If you have problems later, be sure that you don't have a mismatch
	 in JDK versions.
configure:3720: checking the Java compiler with a simple compile
configure:3730: result: ok
configure:3734: checking the value of the java.version Property 
configure:3740: result: ok
configure:3782: checking the JDK version
configure:3848: result: ok
configure:3861: checking for java.home property by compiling a test program 
configure:3865: result: ok
configure:3868: checking for java.home property by running a test program 
configure:3873: result: ok
configure:3891: checking for the jar command
configure:3894: result: ok
configure:3954: checking that /usr/lib/jvm/java-8-oracle/bin/jar can handle -i
configure:3961: result: ok
configure:3986: checking for the jarsigner command
configure:3989: result: ok
configure:4065: checking for the javaws command
configure:4068: result: ok
configure:4144: checking for the keytool command
configure:4147: result: ok
configure:4222: checking for the proper CLASSPATH separator
configure:4233: result: ok
configure:4515: checking for ant
configure:4533: found /usr/bin/ant
configure:4545: result: /usr/bin/ant
configure:4562: checking for mvn
configure:4595: result: no
configure:4749: WARNING: The ant and/or mvn binaries could not be found,
    so we will not build in /mnt/hgfs/proj/cxb-jni/ptolemyII-jni/src/ptolemy/apps/websensor.
configure:4779: checking for Boost
configure:4810: WARNING: Failed to find /usr/local/include/boost/numeric/odeint.hpp
    This is only a problem if you want to rebuild the Functional
    Mock-up Interface ++ C files in actor/lib/fmi/fmipp.
    Most users can use the shared libraries in /mnt/hgfs/proj/cxb-jni/ptolemyII-jni/src/lib or /mnt/hgfs/proj/cxb-jni/ptolemyII-jni/src/bin.
configure:4848: checking for BSH, the Java Bean Shell
configure:4851: result: ok
configure:4954: checking for Cal, the actor language
configure:4966: result: ok
configure:4970: checking for saxon8.jar (used by caltrop)
configure:4973: result: ok
configure:4977: checking for saxon8-dom.jar (used by caltrop)
configure:4980: result: ok
configure:4983: checking for java_cup.jar (used by caltrop)
configure:4986: result: ok
configure:5074: checking for Checkstyle, optionally used to check the style of Java files.
configure:5096: WARNING: Failed to find Checkstyle in /mnt/hgfs/proj/cxb-jni/ptolemyII-jni/src/vendors/checkstyle-6.2
    Checkstyle is only necessary for code cleaning.
    Checkstyle is LGPL'd, so while it could be in the ptII repo, we don't add it.
    Checkstyle may be downloaded from http://checkstyle.sourceforge.net/
configure:5129: checking for Chic, the model checker
configure:5141: result: ok
configure:5212: checking for Ptolemy subset of Colt, the scientific computing lib
configure:5215: result: ok
configure:5230: checking for Full version of Colt, the scientific computing lib
configure:5273: WARNING: Did not find /mnt/hgfs/proj/cxb-jni/ptolemyII-jni/src/vendors/misc/colt/colt.jar,
    using /mnt/hgfs/proj/cxb-jni/ptolemyII-jni/src/lib/ptcolt.jar
configure:5304: checking for Cobertura, optionally used for Java code coverage.
configure:5326: WARNING: Failed to find Cobertura in /mnt/hgfs/proj/cxb-jni/ptolemyII-jni/src/vendors/corbertura-2.0.3
    Cobertura is only necessary to for code coverage.
    Cobertura is GPL'd, so we don't check it in to the ptII repository.
    Cobertura may be downloaded from http://cobertura.github.io/cobertura/
configure:5353: checking for CUnit to be used to test the C cg templates
configure:5389: WARNING: Failed to find CUnit in /usr/local or
    /mnt/hgfs/proj/cxb-jni/ptolemyII-jni/src/vendors/CUnit.
    CUnit is only necessary to test the C templates of the code generation facility
configure:5430: checking for tools.jar for use with doclets
configure:5441: result: ok
configure:5500: checking for javadoc
configure:5518: found /usr/bin/javadoc
configure:5530: result: /usr/bin/javadoc
configure:5608: checking for Eclipse installation
configure:5639: WARNING: Failed to find Eclipse in c:/Program\ Files/eclipse
configure:5641: checking for /mnt/hgfs/proj/cxb-jni/ptolemyII-jni/src/vendors/eclipse
configure:5649: WARNING: Failed to find Eclipse in /mnt/hgfs/proj/cxb-jni/ptolemyII-jni/src/vendors/eclipse
configure:5653: checking for eclipse
configure:5686: result: no
configure:5861: WARNING: Failed to find Eclipse
    perhaps Eclipse is not installed?
    The backtracking facility requires Eclipse 3.2 or greater.
    You need not download Eclipse unless you plan on using the backtracking
    facility in ptolemy.backtrack.
    Eclipse may be downloaded from http://www.eclipse.org/
configure:5901: checking for dbxml.jar 
configure:5913: result: ok
configure:5917: checking for db.jar 
configure:5929: result: ok
configure:5944: checking for dbxml runtime shared libraries
configure:5965: WARNING: Failed to find dbxml-X.Y shared library in /mnt/hgfs/proj/cxb-jni/ptolemyII-jni/src/vendors/misc/dbxml-2.5.16/install/lib.
    This means that the Ptolemy/Android HandSimDroid prototype will not run.
configure:7062: checking for the iText PDF jar
configure:7074: result: ok
configure:7136: checking G4LTL
configure:7139: result: ok
configure:8066: checking for org-openide-util.jar, used by homer 
configure:8078: result: ok
configure:8081: checking for org-openide-util-lookup.jar, used by homer 
configure:8092: result: ok
configure:8095: checking for org-netbeans-api-visual.jar, used by homer 
configure:8106: result: ok
configure:8163: checking for Java Advanced Imaging (JAI) API
configure:8238: WARNING: '"/usr/lib/jvm/java-8-oracle/bin/javac" JAITest.java' failed.
    perhaps the Java Advanced Imaging API is not installed?
    You need not download Jai unless you plan on using the video
    actors in /mnt/hgfs/proj/cxb-jni/ptolemyII-jni/src/ptolemy/actor/lib/jai
    The JAI API can be downloaded from
    https://jai.dev.java.net/
configure:8272: checking for Jcerti, used by hlacerti 
configure:8283: result: ok
configure:8328: checking for Jetty, used by ptango and ptserver 
configure:8339: result: ok
configure:8343: checking for Servlet, used by ptango and ptserver
configure:8355: result: ok
configure:8361: checking for Smack, used by ptango
configure:8372: result: ok
configure:8385: checking for Smackx, used by ptango
configure:8397: result: ok
configure:8459: checking for JavaMail directory
configure:8479: result: ok
configure:8549: checking for JavaScript, used by js and org.terraswarm.kernel actors. 
configure:8561: result: ok
configure:8566: checking for OAuth client, used by js and org.terraswarm.kernel actors. 
configure:8578: result: ok
configure:8583: checking for OAuth common, used by js and org.terraswarm.kernel actors. 
configure:8595: result: ok
configure:8600: checking for socketio, used by js and org.terraswarm.kernel actors. 
configure:8612: result: ok
configure:8669: checking for JModelica
configure:8682: WARNING: Failed to find /usr/local/jmodelica/include/jmi.h
    which is part of JModelica.
    Ptolemy optionally includes one or more FMUs that use JModelica.
    To install JModelica, see https://svn.jmodelica.org/trunk/INSTALL
configure:8712: checking for Java Media Framework (JMF)
configure:8784: WARNING: '"/usr/lib/jvm/java-8-oracle/bin/javac" JMFTest.java' failed.
    perhaps the Java Media Framework (JMF) is not installed?
    You need not download the JMF unless you plan on using the video
    actors in /mnt/hgfs/proj/cxb-jni/ptolemyII-jni/src/ptolemy/actor/lib/jmf
    The JMF SDK can be downloaded from
    http://www.oracle.com/technetwork/java/javase/tech/index-jsp-140239.html
configure:8836: checking for Java Native Access (JNA) jar
configure:8847: result: ok
configure:8898: checking for joystick jar file
configure:8910: result: ok
configure:8972: checking for ptjacl.jar
configure:8984: result: ok
configure:8987: checking for how to run jacl with "/usr/lib/jvm/java-8-oracle/bin/java"
configure:8991: result: ok
configure:9057: checking for JSoup, used when exporting html pages. 
configure:9069: result: ok
configure:9111: checking for the JUnit - the Java Unit Testing Framework
configure:9123: result: ok
configure:9126: checking for the JUnitParams, needed by our JUnit tests
configure:9137: result: ok
configure:9189: checking for the Java Excel API (JXL)
configure:9201: result: ok
configure:9258: checking for jython
configure:9291: result: no
configure:9315: checking for jython.bat
configure:9348: result: no
configure:9371: checking for Jython, the Java implementation of Python
configure:9406: result: ok
configure:9466: checking for kieler jar file used by layout 
configure:9478: result: ok
configure:9481: checking for guava jar file used by Kieler layout 
configure:9566: checking for OpenCV Java API
configure:9763: WARNING: '"/usr/lib/jvm/java-8-oracle/bin/javac" OpenTest.java' failed.
    perhaps the OpenCV Computer Vision API is not installed?
    You need not download Jai unless you plan on using the video
    actors in /mnt/hgfs/proj/cxb-jni/ptolemyII-jni/src/ptolemy/actor/lib/opencv
    The OpenCV API can be downloaded from
    http://ubaa.net/shared/processing/opencv.
    See ptolemy/actor/lib/opencv/package.html for installing help.
configure:9804: checking for Open Sound Control/Processing.org interface (oscP5). 
configure:9816: result: ok
configure:9865: checking for rxtx directory
configure:9877: result: ok
configure:10039: checking for JavaCC
configure:10062: WARNING: Could not find directory
    '/mnt/hgfs/proj/cxb-jni/ptolemyII-jni/src/vendors/sun/javacc-5.0'
    so we search for the jjtree command.
configure:10068: checking for jjtree
configure:10101: result: no
configure:10113: WARNING: Failed to find jjtree
configure:10174: WARNING: Failed to find javacc, perhaps JavaCC is not installed?
    You need not download JavaCC unless you plan on modifying .jjt files
    in ptolemy/data/expr.
    JavaCC is available from
    http://javacc.dev.java.net/

    Note that the zip file that gets downloaded is actually an installer
    that must be run to install the JavaCC.zip file that contains the classes.

    Note that JavaCC-4.1 and 4.2 will not work, there are problems with
    ReInit() being static or not static.

    JavaCC-6.0 seems to not include the jjtree and javacc scripts, so
    we recommend JavaCC-5.0.

    Try:
    cd /mnt/hgfs/proj/cxb-jni/ptolemyII-jni/src/vendors/sun
    wget https://java.net/projects/javacc/downloads/download/javacc-5.0.tar.gz
    unzip javacc-5.0.tar.gz
    ./configure

    Configure looks for JavaCC in /mnt/hgfs/proj/cxb-jni/ptolemyII-jni/src/vendors/sun/javacc-5.0
    so either install JavaCC in that location or use the --with-javacc= flag
    and then rerun configure.'
configure:10225: checking for Java 3D
configure:10382: WARNING: '"/usr/lib/jvm/java-8-oracle/bin/javac" -classpath "." java3dTest.java' failed.
    Java 3D may be found at https://java3d.java.net/
    Java 3D is only needed if you want to build in
    /mnt/hgfs/proj/cxb-jni/ptolemyII-jni/src/ptolemy/domains/gr,
    otherwise the build will proceed fine without Java 3D.
    Configure looks for jar files in /mnt/hgfs/proj/cxb-jni/ptolemyII-jni/src/vendors/j3d/*/lib/ext/.
    If your Java 3D installation is in a non-standard place, use  --with-java3d=DIR
    where DIR contains j3dcore.jar, j3dutils.jar and vecmath.jar, for example:
    ./configure --with-java3D=/usr/java/j3d-1_5_2-linux-amd64/lib/ext
    Under Mac OS X
configure:10422: checking for jini directory
configure:10436: result: ok
configure:10439: checking for jars used by jini
configure:10464: result: ok
configure:10513: checking for the proper JNI architecture
configure:10586: checking for gcc
configure:10604: found /usr/bin/gcc
configure:10616: result: /usr/bin/gcc
configure:10627: checking for cc
configure:10657: result: /usr/bin/gcc
configure:10676: checking for javah
configure:10694: found /usr/bin/javah
configure:10706: result: /usr/bin/javah
configure:10720: checking for the cc for JNI
configure:10726: checking for that the pieces for JNI have been found
configure:10729: result: ok
configure:10733: checking for the proper JNI architecture include directory
configure:10768: result: ok
configure:10773: checking for the proper JNI library architecture
configure:10789: result: ok
configure:10796: checking for if the -mno-cygwin flag is available
configure:10804: result: ok
configure:10808: checking for the proper shared library gcc flag
configure:10814: result: ok
configure:10818: checking for the proper shared library cc flag
configure:10828: result: ok
configure:10832: checking for the proper shared library link flag
configure:10843: result: ok
configure:10847: checking for the proper shared library prefix
configure:10856: result: ok
configure:10860: checking for the proper shared library suffix
configure:10874: result: ok
configure:10878: checking for JNI libraries needed to link JNI
configure:10887: result: ok
configure:10920: checking for jode directory
configure:10932: result: ok
configure:10935: checking for $JODE_DIR/jode.jar
configure:10938: result: ok
configure:10993: checking for json directory
configure:11005: result: ok
configure:11179: checking for matlab
configure:11197: found /usr/local/bin/matlab
configure:11209: result: /usr/local/bin/matlab
configure:11230: checking the value of the Matlab root directory 
configure:11240: result: ok
configure:11267: checking for gcc
configure:11396: checking for gcc
configure:11414: found /usr/bin/gcc
configure:11426: result: /usr/bin/gcc
configure:11498: checking for malloc_size
configure:11498: /usr/bin/gcc -o conftest    conftest.c  >&5
/tmp/cc7lUOrc.o: In function `main':
conftest.c:(.text+0xa): undefined reference to `malloc_size'
collect2: error: ld returned 1 exit status
configure:11498: $? = 1
configure: failed program was:
| /* confdefs.h */
| #define PACKAGE_NAME ""
| #define PACKAGE_TARNAME ""
| #define PACKAGE_VERSION ""
| #define PACKAGE_STRING ""
| #define PACKAGE_BUGREPORT ""
| #define PACKAGE_URL ""
| /* end confdefs.h.  */
| /* Define malloc_size to an innocuous variant, in case <limits.h> declares malloc_size.
|    For example, HP-UX 11i <limits.h> declares gettimeofday.  */
| #define malloc_size innocuous_malloc_size
| 
| /* System header to define __stub macros and hopefully few prototypes,
|     which can conflict with char malloc_size (); below.
|     Prefer <limits.h> to <assert.h> if __STDC__ is defined, since
|     <limits.h> exists even on freestanding compilers.  */
| 
| #ifdef __STDC__
| # include <limits.h>
| #else
| # include <assert.h>
| #endif
| 
| #undef malloc_size
| 
| /* Override any GCC internal prototype to avoid an error.
|    Use char because int might match the return type of a GCC
|    builtin and then its argument prototype would still apply.  */
| #ifdef __cplusplus
| extern "C"
| #endif
| char malloc_size ();
| /* The GNU C library defines this for functions which it implements
|     to always fail with ENOSYS.  Some functions are actually named
|     something starting with __ and the normal name is an alias.  */
| #if defined __stub_malloc_size || defined __stub___malloc_size
| choke me
| #endif
| 
| int
| main ()
| {
| return malloc_size ();
|   ;
|   return 0;
| }
configure:11498: result: no
configure:11513: checking the extension for Matlab .mex files
configure:11516: result: ok
configure:11523: checking which major type of OS we are running under
configure:11529: result: ok
configure:11778: checking for omc
configure:11811: result: no
configure:11820: WARNING: Failed to find omc, the OpenModelicaCompiler.
    Rebuilding the OpenModelica fmus will not be possible.
    Running the OpenModelica models will not be possible.
    This is only a concern if you are interested in OpenModelica
configure:11860: checking for Protocol Buffers (ProtoBuf)
configure:11863: result: ok
configure:11908: checking for the Paho MQTT jar
configure:12016: checking for Hessian, used by ptserver 
configure:12027: result: ok
configure:12031: checking for WMQTT, used by ptserver 
configure:12043: result: ok
configure:12096: checking for mapss.jar, used by the PSDF domain
configure:12108: result: ok
configure:12151: checking for PowerMock test harness
configure:12213: WARNING: Failed to find PowerMock.
    Perhaps PowerMock was not installed?
    You need not download these packages if you would like
    to run the tests.  To install PowerMock, go to
    http://code.google.com/p/powermock/ and download
    http://powermock.googlecode.com/files/powermock-easymock-junit-1.3.8.zip
    (which contains PowerMock for EasyMock and JUnit) and unzip it in
    /mnt/hgfs/proj/cxb-jni/ptolemyII-jni/src/vendors/misc so that
    /mnt/hgfs/proj/cxb-jni/ptolemyII-jni/src/vendors/misc/powermock-easymock-junit-1.3.8 is created,
    then rerun configure.
    Other versions of PowerMock _may_ work, but are untested.
configure:12258: checking for anltr.jar, used by the Ptalon
configure:12270: result: ok
configure:12321: checking for Quicktime for Java
configure:12400: WARNING: '"/usr/lib/jvm/java-8-oracle/bin/javac" quickTime3dTest.java' failed.
    You may need to install QuickTime with the 'QuickTime For
    Java' option from http://developer.apple.com/quicktime/qtjava/
    During installation, choose 'custom' and then 'select all'.
    This drops QTJava.zip into the lib/ext of all your installed JREs.
    Then you have to copy this zip file to the jre/lib/ext directory
    of your SDK and rerun configure.
    If configure still fails, you may need to unzip the QTJava.zip
    file and create a QTJava.jar file:
       # unzip QTJava.zip
       cd QTJava
       jar -cf ../QTJava.jar .
    QuickTime for Java is only needed if you want to build in
    /mnt/hgfs/proj/cxb-jni/ptolemyII-jni/src/ptolemy/domains/gr/lib/quicktime,
    otherwise the build will proceed fine without Quicktime for Java.
configure:12465: checking for soot directory
configure:12477: result: ok
configure:12480: checking for $SOOT_DIR/sootclasses.jar
configure:12483: result: ok
configure:12512: checking for rt.jar by compiling config/SystemJar.java
configure:12526: result: ok
configure:12529: checking the location or rt.jar
configure:12534: result: ok
configure:12608: checking for mysql jar, used by the database actors
configure:12619: result: ok
configure:12627: checking for ojdbc.jar
configure:12644: WARNING: ojdbc5.jar not found,
    but only necessary to use database actors with Oracle.
configure:12713: checking for PDFRenderer
configure:12725: result: ok
configure:12770: checking for Batik SVG
configure:12792: WARNING: Failed to find Batik Jar file
    You need only have Batik if you are planning on rebuilding diva.jar
    for use with Kepler.
    Batik can be downloaded from http://xmlgraphics.apache.org/batik/
configure:12897: checking the for TinyOS
configure:12900: WARNING: $TOSROOT is not set.  It must be set to use PtinyOS.
configure:12906: WARNING: $TOSROOT is set to '',
     but there is no directory by that name, so we will not set up for PtinyOS.
     For details, see /mnt/hgfs/proj/cxb-jni/ptolemyII-jni/src/ptolemy/domains/ptinyos/README.txt.
configure:13040: checking for giotto directory
configure:13076: WARNING: Failed to find giotto/gdk.jar
    perhaps Giotto is not installed?
    You need not download Giotto unless you plan on generating code for
    Giotto models.
    The Giotto SDK can be
    downloaded from http://www-cad.eecs.berkeley.edu/~giotto/
    Copy gdk.jar to /mnt/hgfs/proj/cxb-jni/ptolemyII-jni/src/vendors/giotto, for example:
        mkdir -p /mnt/hgfs/proj/cxb-jni/ptolemyII-jni/src/vendors/giotto
        cp C:/Program\ Files/Giotto*/gdk.jar /mnt/hgfs/proj/cxb-jni/ptolemyII-jni/src/vendors/giotto/
configure:13140: checking for the Vertx application platform interface. 
configure:13175: result: ok
configure:13320: checking for gcc
configure:13338: found /usr/bin/gcc
configure:13350: result: /usr/bin/gcc
configure:13414: checking for libexpat
configure:13427: result: ok
configure:13444: checking for expat.h
configure:13456: result: ok
configure:13508: WARNING: Failed to find boost/numeric/odeint.hpp, so FMI ++
    will not be compiled. FMI++ is an extension of the Funcional Mockup Interface, see
    http://sourceforge.net/p/fmipp/wiki/Home/
configure:14607: creating ./config.status

## ---------------------- ##
## Running config.status. ##
## ---------------------- ##

This file was extended by config.status, which was
generated by GNU Autoconf 2.69.  Invocation command line was

  CONFIG_FILES    = 
  CONFIG_HEADERS  = 
  CONFIG_LINKS    = 
  CONFIG_COMMANDS = 
  $ ./config.status 

on ubuntu

config.status:1211: creating mk/ptII.mk
config.status:1211: creating bin/ptinvoke
config.status:1211: creating build.xml
config.status:1211: creating .classpath
config.status:1211: creating bin/comm.policy
config.status:1211: creating lib/ptII.properties
config.status:1211: creating ptolemy/util/test/junit/javachdir32
config.status:1372: executing default commands

## ---------------- ##
## Cache variables. ##
## ---------------- ##

ac_cv_env_CCC_set=
ac_cv_env_CCC_value=
ac_cv_env_CC_set=
ac_cv_env_CC_value=
ac_cv_env_CFLAGS_set=
ac_cv_env_CFLAGS_value=
ac_cv_env_CPPFLAGS_set=
ac_cv_env_CPPFLAGS_value=
ac_cv_env_CPP_set=
ac_cv_env_CPP_value=
ac_cv_env_CXXFLAGS_set=
ac_cv_env_CXXFLAGS_value=
ac_cv_env_CXX_set=
ac_cv_env_CXX_value=
ac_cv_env_LDFLAGS_set=
ac_cv_env_LDFLAGS_value=
ac_cv_env_LIBS_set=
ac_cv_env_LIBS_value=
ac_cv_env_build_alias_set=
ac_cv_env_build_alias_value=
ac_cv_env_host_alias_set=
ac_cv_env_host_alias_value=
ac_cv_env_target_alias_set=
ac_cv_env_target_alias_value=
ac_cv_func_malloc_size=no
ac_cv_path_ANT=/usr/bin/ant
ac_cv_path_FIND=/usr/bin/find
ac_cv_path_JAVA=/usr/bin/java
ac_cv_path_JAVAC=/usr/bin/javac
ac_cv_path_JAVADOC=/usr/bin/javadoc
ac_cv_path_JAVAH=/usr/bin/javah
ac_cv_path_MATLAB=/usr/local/bin/matlab
ac_cv_path_PTCC=/usr/bin/gcc
ac_cv_path_PTCCJNI=/usr/bin/gcc
ac_cv_path_PTMATLAB_CC=/usr/bin/gcc

## ----------------- ##
## Output variables. ##
## ----------------- ##

<exclude name="**/*.bat" />
<exclude name="**/*.class" />
<exclude name="**/*.html" />
<exclude name="**/*.in" />
<exclude name="**/*.png" />
<exclude name="**/*.tcl" />
<exclude name="**/*.xml" />
<exclude name="**/.*" />
<exclude name="**/adm/dists/" />
<exclude name="**/adm/gen-*/" />
<exclude name="**/cobertura.ser" />
<exclude name="**/codeDoc/"/>
<exclude name="**/makefile" />
<exclude name="adm/cvs2svn/"/>
<exclude name="build/"/>
<exclude name="config/"/>
<exclude name="doc/coding/templates/"/>
<exclude name="jni/test/jni/meaningOfLife/"/>
<exclude name="jni/test/jni/testDeux/"/>
<exclude name="jni/test/jni/testTrois/"/>
<exclude name="pt-modules/"/>
<exclude name="ptolemy/apps/agilent/"/>
<exclude name="ptolemy/apps/anytimecontrol/"/>
<exclude name="ptolemy/apps/apes/"/>
<exclude name="ptolemy/apps/charon/"/>
<exclude name="ptolemy/apps/crazyboard/"/>
<exclude name="ptolemy/apps/eclipse/"/>
<exclude name="ptolemy/apps/etherealSting/"/>
<exclude name="ptolemy/apps/fullscreen/"/>
<exclude name="ptolemy/apps/giotto/"/>
<exclude name="ptolemy/apps/ia/"/>
<exclude name="ptolemy/apps/interfaces/"/>
<exclude name="ptolemy/apps/jmf/"/>
<exclude name="ptolemy/apps/kurt/"/>
<exclude name="ptolemy/apps/kvm/"/>
<exclude name="ptolemy/apps/lego/"/>
<exclude name="ptolemy/apps/lejos/"/>
<exclude name="ptolemy/apps/midp/"/>
<exclude name="ptolemy/apps/mobileCoding/"/>
<exclude name="ptolemy/apps/pendulum/"/>
<exclude name="ptolemy/apps/rijndael/"/>
<exclude name="ptolemy/apps/robot/"/>
<exclude name="ptolemy/apps/security/"/>
<exclude name="ptolemy/apps/sobel/"/>
<exclude name="ptolemy/apps/soot/"/>
<exclude name="ptolemy/apps/throttle/"/>
<exclude name="ptolemy/apps/tini/"/>
<exclude name="ptolemy/apps/transmission/"/>
<exclude name="ptolemy/apps/vergil/"/>
<exclude name="ptolemy/apps/waba/"/>
<exclude name="ptolemy/apps/websensor/"/>
<exclude name="ptolemy/apps/webstart/"/>
<exclude name="ptolemy/apps/xsl/"/>
<exclude name="ptolemy/apps/zaurus/"/>
<exclude name="ptolemy/backtrack/eclipse/plugin/"/>
<exclude name="ptolemy/backtrack/test/"/>
<exclude name="ptolemy/codegen/c/actor/lib/oldJavaFiles/"/>
<exclude name="ptolemy/codegen/dsp/lib/"/>
<exclude name="ptolemy/codegen/kernel/newInterfaces/"/>
<exclude name="ptolemy/codegen/lib/"/>
<exclude name="ptolemy/copernicus/kernel/fragment/"/>
<exclude name="ptolemy/copernicus/shallow/cg/"/>
<exclude name="ptolemy/domains/giotto/demo/Hierarchy/Hierarchy/"/>
<exclude name="ptolemy/domains/giotto/demo/Multimode/Multimode/"/>
<exclude name="ptolemy/domains/giotto/demo/Simple/Simple/"/>
<exclude name="ptolemy/domains/gr/lib/experimental/"/>
<exclude name="ptolemy/domains/gro/"/>
<exclude name="ptolemy/domains/pdf/"/>
<exclude name="ptolemy/moml/test/NoPackageActor.java"/>
<exclude name="ptolemy/plot/adm/"/>
<exclude name="ptolemy/plot/servlet/"/>
<exclude name="reports/"/>
<exclude name="signed/" />
<exclude name="src/"/>
<exclude name="target/"/>
<exclude name="vendors/"/>'
ANT='/usr/bin/ant'
ANTLR_DIR='/mnt/hgfs/proj/cxb-jni/ptolemyII-jni/src/ptolemy/actor/ptalon/antlr'
ANT_ALWAYS_EXCLUDE='<exclude name="**/CVS/"/>
ANT_CLASSPATH=' <pathelement location="/mnt/hgfs/proj/cxb-jni/ptolemyII-jni/src/lib/bsh-2.0b4.jar"/>  <pathelement location="/mnt/hgfs/proj/cxb-jni/ptolemyII-jni/src/lib/ptCal.jar"/>  <pathelement location="/mnt/hgfs/proj/cxb-jni/ptolemyII-jni/src/lib/java_cup.jar"/>  <pathelement location="/mnt/hgfs/proj/cxb-jni/ptolemyII-jni/src/lib/saxon8.jar"/>  <pathelement location="/mnt/hgfs/proj/cxb-jni/ptolemyII-jni/src/lib/saxon8-dom.jar"/>  <pathelement location="/mnt/hgfs/proj/cxb-jni/ptolemyII-jni/src/lib/chic.jar"/>  <pathelement location="/mnt/hgfs/proj/cxb-jni/ptolemyII-jni/src/lib/ptcolt.jar"/>  <pathelement location="/usr/lib/jvm/java-8-oracle/jre/../lib/tools.jar"/>  <pathelement location="/mnt/hgfs/proj/cxb-jni/ptolemyII-jni/src/vendors/oracle/dbxml.jar"/>  <pathelement location="/mnt/hgfs/proj/cxb-jni/ptolemyII-jni/src/vendors/oracle/db.jar"/>  <pathelement location="/mnt/hgfs/proj/cxb-jni/ptolemyII-jni/src/vendors/misc/itext/iText.jar"/>  <pathelement location="/mnt/hgfs/proj/cxb-jni/ptolemyII-jni/src/lib/g4ltl.jar"/>  <pathelement location="/mnt/hgfs/proj/cxb-jni/ptolemyII-jni/src/lib/org-openide-util.jar"/>  <pathelement location="/mnt/hgfs/proj/cxb-jni/ptolemyII-jni/src/lib/org-openide-util-lookup.jar"/>  <pathelement location="/mnt/hgfs/proj/cxb-jni/ptolemyII-jni/src/lib/org-netbeans-api-visual.jar"/>  <pathelement location="/mnt/hgfs/proj/cxb-jni/ptolemyII-jni/src/lib/jcerti.jar"/>  <pathelement location="/mnt/hgfs/proj/cxb-jni/ptolemyII-jni/src/lib/smack.jar"/>  <pathelement location="/mnt/hgfs/proj/cxb-jni/ptolemyII-jni/src/lib/smackx.jar"/>  <pathelement location="/mnt/hgfs/proj/cxb-jni/ptolemyII-jni/src/lib/jetty-all-8.1.5-v20120716.jar"/>  <pathelement location="/mnt/hgfs/proj/cxb-jni/ptolemyII-jni/src/lib/javax.servlet-api-3.0.1.jar"/>  <pathelement location="/mnt/hgfs/proj/cxb-jni/ptolemyII-jni/src/lib/javax.mail.jar"/>  <pathelement location="/mnt/hgfs/proj/cxb-jni/ptolemyII-jni/src/lib/js.jar"/>  <pathelement location="/mnt/hgfs/proj/cxb-jni/ptolemyII-jni/src/lib/org.apache.oltu.oauth2.client-1.0.1-SNAPSHOT.jar"/>  <pathelement location="/mnt/hgfs/proj/cxb-jni/ptolemyII-jni/src/lib/org.apache.oltu.oauth2.common-1.0.1-SNAPSHOT.jar"/>  <pathelement location="/mnt/hgfs/proj/cxb-jni/ptolemyII-jni/src/lib/socketio.jar"/>  <pathelement location="/mnt/hgfs/proj/cxb-jni/ptolemyII-jni/src/lib/jna-4.0.0-variadic.jar"/>  <pathelement location="/mnt/hgfs/proj/cxb-jni/ptolemyII-jni/src/vendors/misc/joystick/Joystick.jar"/>  <pathelement location="/mnt/hgfs/proj/cxb-jni/ptolemyII-jni/src/lib/ptjacl.jar"/>  <pathelement location="/mnt/hgfs/proj/cxb-jni/ptolemyII-jni/src/lib/jsoup-1.7.3.jar"/>  <pathelement location="/mnt/hgfs/proj/cxb-jni/ptolemyII-jni/src/lib/junit-4.8.2.jar"/>  <pathelement location="/mnt/hgfs/proj/cxb-jni/ptolemyII-jni/src/lib/JUnitParams-0.4.0.jar"/>  <pathelement location="/mnt/hgfs/proj/cxb-jni/ptolemyII-jni/src/ptolemy/actor/lib/excel/jxl.jar"/>  <pathelement location="/mnt/hgfs/proj/cxb-jni/ptolemyII-jni/src/lib/jython.jar"/>  <pathelement location="/mnt/hgfs/proj/cxb-jni/ptolemyII-jni/src/lib/kieler.jar"/>  <pathelement location="/mnt/hgfs/proj/cxb-jni/ptolemyII-jni/src/lib/guava.jar"/>  <pathelement location="/mnt/hgfs/proj/cxb-jni/ptolemyII-jni/src/lib/oscP5.jar"/>  <pathelement location="/mnt/hgfs/proj/cxb-jni/ptolemyII-jni/src/vendors/misc/rxtx/RXTXcomm.jar"/>  <pathelement location="/mnt/hgfs/proj/cxb-jni/ptolemyII-jni/src/ptolemy/distributed/jini/jar/jini-core.jar"/>  <pathelement location="/mnt/hgfs/proj/cxb-jni/ptolemyII-jni/src/ptolemy/distributed/jini/jar/jini-ext.jar"/>  <pathelement location="/mnt/hgfs/proj/cxb-jni/ptolemyII-jni/src/ptolemy/distributed/jini/jar/sun-util.jar"/>  <pathelement location="/mnt/hgfs/proj/cxb-jni/ptolemyII-jni/src/lib/protobuf-java-2.4.1.jar"/>  <pathelement location="/mnt/hgfs/proj/cxb-jni/ptolemyII-jni/src/lib/org.eclipse.paho.client.mqttv3.jar"/>  <pathelement location="/mnt/hgfs/proj/cxb-jni/ptolemyII-jni/src/ptserver/lib/hessian-4.0.7.jar"/>  <pathelement location="/mnt/hgfs/proj/cxb-jni/ptolemyII-jni/src/ptserver/lib/wmqtt.jar"/>  <pathelement location="/mnt/hgfs/proj/cxb-jni/ptolemyII-jni/src/lib/mapss.jar"/>  <pathelement location="/mnt/hgfs/proj/cxb-jni/ptolemyII-jni/src/ptolemy/actor/ptalon/antlr/antlr.jar"/>  <pathelement location="/mnt/hgfs/proj/cxb-jni/ptolemyII-jni/src/lib/sootclasses.jar"/>  <pathelement location="/mnt/hgfs/proj/cxb-jni/ptolemyII-jni/src/ptolemy/actor/lib/database/mysql-connector-java-5.1.6-bin.jar"/>  <pathelement location="/mnt/hgfs/proj/cxb-jni/ptolemyII-jni/src/lib/PDFRenderer.jar"/>  <pathelement location="/mnt/hgfs/proj/cxb-jni/ptolemyII-jni/src/lib/hazelcast-3.2.3.jar"/>  <pathelement location="/mnt/hgfs/proj/cxb-jni/ptolemyII-jni/src/lib/jackson-annotations-2.2.2.jar"/>  <pathelement location="/mnt/hgfs/proj/cxb-jni/ptolemyII-jni/src/lib/jackson-core-2.2.2.jar"/>  <pathelement location="/mnt/hgfs/proj/cxb-jni/ptolemyII-jni/src/lib/jackson-databind-2.2.2.jar"/>  <pathelement location="/mnt/hgfs/proj/cxb-jni/ptolemyII-jni/src/lib/java-xmlhttprequest-20140923.jar"/>  <pathelement location="/mnt/hgfs/proj/cxb-jni/ptolemyII-jni/src/lib/netty-all-4.0.21.Final.jar"/>  <pathelement location="/mnt/hgfs/proj/cxb-jni/ptolemyII-jni/src/lib/vertx-core-2.1.4.jar"/>  <pathelement location="/mnt/hgfs/proj/cxb-jni/ptolemyII-jni/src/lib/vertx-hazelcast-2.1.4.jar"/>  <pathelement location="/mnt/hgfs/proj/cxb-jni/ptolemyII-jni/src/lib/vertx-platform-2.1.4.jar"/> '
ANT_EXCLUDE=' <exclude name="ptolemy/apps/eclipse/awt/" /> <exclude name="ptolemy/backtrack/" /> <exclude name="ptolemy/backtrack/ast/" /> <exclude name="ptolemy/actor/lib/jai/" /> <exclude name="ptolemy/actor/lib/jmf/" /> <exclude name="ptolemy/actor/lib/opencv/" /> <exclude name="ptolemy/domains/gr/" /> <exclude name="ptolemy/actor/lib/fmi/fmus/omc" /> <exclude name="ptolemy/domains/openmodelica" /> <exclude name="ptdb/common/util/test/" /> <exclude name="ptdb/gui/test/" /> <exclude name="ptdb/kernel/bl/load/test/" /> <exclude name="ptdb/kernel/bl/migration/test/" /> <exclude name="ptdb/kernel/bl/save/test/" /> <exclude name="ptdb/kernel/bl/search/test/" /> <exclude name="ptdb/kernel/bl/setup/test/" /> <exclude name="ptdb/kernel/database/test/" /> <exclude name="ptdb/test/" /> <exclude name="ptolemy/domains/gr/lib/quicktime/" /> <exclude name="diva/util/java2d/svg/" /> <exclude name="ptolemy/domains/ptinyos/" /> <exclude name="ptolemy/actor/lib/fmi/fmipp/" />'
ANT_EXCLUDE_TESTS=' <exclude name="**/ptolemy/cg/kernel/generic/program/procedural/c/type/test/junit/JUnitTclTest.java" /> <exclude name="**/ptolemy/cg/adapter/generic/program/procedural/c/adapters/ptolemy/domains/de/kernel/test/junit/JUnitTclTest.java" />'
ANT_JAVADOC_EXCLUDEPACKAGENAMES='adm.cvs2svn.*,build.*,config.*,doc.coding.templates.*,jni.test.jni.meaningOfLife.*,jni.test.jni.testDeux.*,jni.test.jni.testTrois.*,pt-modules.*,ptolemy.apps.agilent.*,ptolemy.apps.anytimecontrol.*,ptolemy.apps.apes.*,ptolemy.apps.charon.*,ptolemy.apps.crazyboard.*,ptolemy.apps.eclipse.*,ptolemy.apps.etherealSting.*,ptolemy.apps.fullscreen.*,ptolemy.apps.giotto.*,ptolemy.apps.ia.*,ptolemy.apps.interfaces.*,ptolemy.apps.jmf.*,ptolemy.apps.kurt.*,ptolemy.apps.kvm.*,ptolemy.apps.lego.*,ptolemy.apps.lejos.*,ptolemy.apps.midp.*,ptolemy.apps.mobileCoding.*,ptolemy.apps.pendulum.*,ptolemy.apps.rijndael.*,ptolemy.apps.robot.*,ptolemy.apps.security.*,ptolemy.apps.sobel.*,ptolemy.apps.soot.*,ptolemy.apps.throttle.*,ptolemy.apps.tini.*,ptolemy.apps.transmission.*,ptolemy.apps.vergil.*,ptolemy.apps.waba.*,ptolemy.apps.websensor.*,ptolemy.apps.webstart.*,ptolemy.apps.xsl.*,ptolemy.apps.zaurus.*,ptolemy.backtrack.eclipse.plugin.*,ptolemy.backtrack.test.*,ptolemy.codegen.c.actor.lib.oldJavaFiles.*,ptolemy.codegen.dsp.lib.*,ptolemy.codegen.kernel.newInterfaces.*,ptolemy.codegen.lib.*,ptolemy.copernicus.kernel.fragment.*,ptolemy.copernicus.shallow.cg.*,ptolemy.domains.giotto.demo.Hierarchy.Hierarchy.*,ptolemy.domains.giotto.demo.Multimode.Multimode.*,ptolemy.domains.giotto.demo.Simple.Simple.*,ptolemy.domains.gr.lib.experimental.*,ptolemy.domains.gro.*,ptolemy.domains.pdf.*,ptolemy.moml.test.NoPackageActor.java*,ptolemy.plot.adm.*,ptolemy.plot.servlet.*,reports.*,signed.*,src.*,target.*,vendors.*,ptolemy.apps.eclipse.awt.*,ptolemy.backtrack.*,ptolemy.backtrack.ast.*,ptolemy.actor.lib.jai.*,ptolemy.actor.lib.jmf.*,ptolemy.actor.lib.opencv.*,ptolemy.domains.gr.*,ptolemy.actor.lib.fmi.fmus.omc*,ptolemy.domains.openmodelica*,ptdb.common.util.test.*,ptdb.gui.test.*,ptdb.kernel.bl.load.test.*,ptdb.kernel.bl.migration.test.*,ptdb.kernel.bl.save.test.*,ptdb.kernel.bl.search.test.*,ptdb.kernel.bl.setup.test.*,ptdb.kernel.database.test.*,ptdb.test.*,ptolemy.domains.gr.lib.quicktime.*,diva.util.java2d.svg.*,ptolemy.domains.ptinyos.*,ptolemy.actor.lib.fmi.fmipp.*,'
ANT_MAVEN_ARTIFACT=''
ANT_MAVEN_BUILD_WEBSENSOR=''
ANT_MAVEN_SUBPROJECTS=''
ANT_SRC=''
ANT_WEBSENSOR_FILESET=''
ANT_WEBSENSOR_SOURCEPATH=''
ANT_WEBSENSOR_SRC=''
CALTROP_DIR='/mnt/hgfs/proj/cxb-jni/ptolemyII-jni/src/lib'
CC=''
CFLAGS=''
CHECKSTYLE_DIR='/mnt/hgfs/proj/cxb-jni/ptolemyII-jni/src/vendors/checkstyle-6.2'
CHECKSTYLE_JAR='checkstyle-6.2.jar'
CHIC_DIR='/mnt/hgfs/proj/cxb-jni/ptolemyII-jni/src/lib'
CLASSPATHSEPARATOR=':'
CMD_PATH=''
CMKIT_DIR='${PTII}/vendors/cm'
COBERTURA_DIR='/mnt/hgfs/proj/cxb-jni/ptolemyII-jni/src/vendors/cobertura-2.0.3'
COBERTURA_JAR='cobertura-2.0.3.jar'
COLT_DIR='/mnt/hgfs/proj/cxb-jni/ptolemyII-jni/src/vendors/misc/colt'
CPP=''
CPPFLAGS=''
CXX=''
CXXFLAGS=''
DEFS='-DPACKAGE_NAME=\"\" -DPACKAGE_TARNAME=\"\" -DPACKAGE_VERSION=\"\" -DPACKAGE_STRING=\"\" -DPACKAGE_BUGREPORT=\"\" -DPACKAGE_URL=\"\"'
ECHO_C=''
ECHO_N='-n'
ECHO_T=''
ECLIPSE_CLASSPATHENTRY_LIBS=' 	        <classpathentry kind="lib" path="/mnt/hgfs/proj/cxb-jni/ptolemyII-jni/src/lib/bsh-2.0b4.jar"/>  	        <classpathentry kind="lib" path="/mnt/hgfs/proj/cxb-jni/ptolemyII-jni/src/lib/ptCal.jar"/>  	        <classpathentry kind="lib" path="/mnt/hgfs/proj/cxb-jni/ptolemyII-jni/src/lib/java_cup.jar"/>  	        <classpathentry kind="lib" path="/mnt/hgfs/proj/cxb-jni/ptolemyII-jni/src/lib/saxon8.jar"/>  	        <classpathentry kind="lib" path="/mnt/hgfs/proj/cxb-jni/ptolemyII-jni/src/lib/saxon8-dom.jar"/>  	        <classpathentry kind="lib" path="/mnt/hgfs/proj/cxb-jni/ptolemyII-jni/src/lib/chic.jar"/>  	        <classpathentry kind="lib" path="/mnt/hgfs/proj/cxb-jni/ptolemyII-jni/src/lib/ptcolt.jar"/>  	        <classpathentry kind="lib" path="/usr/lib/jvm/java-8-oracle/jre/../lib/tools.jar"/>  	        <classpathentry kind="lib" path="/mnt/hgfs/proj/cxb-jni/ptolemyII-jni/src/vendors/oracle/dbxml.jar"/>  	        <classpathentry kind="lib" path="/mnt/hgfs/proj/cxb-jni/ptolemyII-jni/src/vendors/oracle/db.jar"/>  	        <classpathentry kind="lib" path="/mnt/hgfs/proj/cxb-jni/ptolemyII-jni/src/vendors/misc/itext/iText.jar"/>  	        <classpathentry kind="lib" path="/mnt/hgfs/proj/cxb-jni/ptolemyII-jni/src/lib/g4ltl.jar"/>  	        <classpathentry kind="lib" path="/mnt/hgfs/proj/cxb-jni/ptolemyII-jni/src/lib/org-openide-util.jar"/>  	        <classpathentry kind="lib" path="/mnt/hgfs/proj/cxb-jni/ptolemyII-jni/src/lib/org-openide-util-lookup.jar"/>  	        <classpathentry kind="lib" path="/mnt/hgfs/proj/cxb-jni/ptolemyII-jni/src/lib/org-netbeans-api-visual.jar"/>  	        <classpathentry kind="lib" path="/mnt/hgfs/proj/cxb-jni/ptolemyII-jni/src/lib/jcerti.jar"/>  	        <classpathentry kind="lib" path="/mnt/hgfs/proj/cxb-jni/ptolemyII-jni/src/lib/smack.jar"/>  	        <classpathentry kind="lib" path="/mnt/hgfs/proj/cxb-jni/ptolemyII-jni/src/lib/smackx.jar"/>  	        <classpathentry kind="lib" path="/mnt/hgfs/proj/cxb-jni/ptolemyII-jni/src/lib/jetty-all-8.1.5-v20120716.jar"/>  	        <classpathentry kind="lib" path="/mnt/hgfs/proj/cxb-jni/ptolemyII-jni/src/lib/javax.servlet-api-3.0.1.jar"/>  	        <classpathentry kind="lib" path="/mnt/hgfs/proj/cxb-jni/ptolemyII-jni/src/lib/javax.mail.jar"/>  	        <classpathentry kind="lib" path="/mnt/hgfs/proj/cxb-jni/ptolemyII-jni/src/lib/js.jar"/>  	        <classpathentry kind="lib" path="/mnt/hgfs/proj/cxb-jni/ptolemyII-jni/src/lib/org.apache.oltu.oauth2.client-1.0.1-SNAPSHOT.jar"/>  	        <classpathentry kind="lib" path="/mnt/hgfs/proj/cxb-jni/ptolemyII-jni/src/lib/org.apache.oltu.oauth2.common-1.0.1-SNAPSHOT.jar"/>  	        <classpathentry kind="lib" path="/mnt/hgfs/proj/cxb-jni/ptolemyII-jni/src/lib/socketio.jar"/>  	        <classpathentry kind="lib" path="/mnt/hgfs/proj/cxb-jni/ptolemyII-jni/src/lib/jna-4.0.0-variadic.jar"/>  	        <classpathentry kind="lib" path="/mnt/hgfs/proj/cxb-jni/ptolemyII-jni/src/vendors/misc/joystick/Joystick.jar"/>  	        <classpathentry kind="lib" path="/mnt/hgfs/proj/cxb-jni/ptolemyII-jni/src/lib/ptjacl.jar"/>  	        <classpathentry kind="lib" path="/mnt/hgfs/proj/cxb-jni/ptolemyII-jni/src/lib/jsoup-1.7.3.jar"/>  	        <classpathentry kind="lib" path="/mnt/hgfs/proj/cxb-jni/ptolemyII-jni/src/lib/junit-4.8.2.jar"/>  	        <classpathentry kind="lib" path="/mnt/hgfs/proj/cxb-jni/ptolemyII-jni/src/lib/JUnitParams-0.4.0.jar"/>  	        <classpathentry kind="lib" path="/mnt/hgfs/proj/cxb-jni/ptolemyII-jni/src/ptolemy/actor/lib/excel/jxl.jar"/>  	        <classpathentry kind="lib" path="/mnt/hgfs/proj/cxb-jni/ptolemyII-jni/src/lib/jython.jar"/>  	        <classpathentry kind="lib" path="/mnt/hgfs/proj/cxb-jni/ptolemyII-jni/src/lib/kieler.jar"/>  	        <classpathentry kind="lib" path="/mnt/hgfs/proj/cxb-jni/ptolemyII-jni/src/lib/guava.jar"/>  	        <classpathentry kind="lib" path="/mnt/hgfs/proj/cxb-jni/ptolemyII-jni/src/lib/oscP5.jar"/>  	        <classpathentry kind="lib" path="/mnt/hgfs/proj/cxb-jni/ptolemyII-jni/src/vendors/misc/rxtx/RXTXcomm.jar"/>  	        <classpathentry kind="lib" path="/mnt/hgfs/proj/cxb-jni/ptolemyII-jni/src/ptolemy/distributed/jini/jar/jini-core.jar"/>  	        <classpathentry kind="lib" path="/mnt/hgfs/proj/cxb-jni/ptolemyII-jni/src/ptolemy/distributed/jini/jar/jini-ext.jar"/>  	        <classpathentry kind="lib" path="/mnt/hgfs/proj/cxb-jni/ptolemyII-jni/src/ptolemy/distributed/jini/jar/sun-util.jar"/>  	        <classpathentry kind="lib" path="/mnt/hgfs/proj/cxb-jni/ptolemyII-jni/src/lib/protobuf-java-2.4.1.jar"/>  	        <classpathentry kind="lib" path="/mnt/hgfs/proj/cxb-jni/ptolemyII-jni/src/lib/org.eclipse.paho.client.mqttv3.jar"/>  	        <classpathentry kind="lib" path="/mnt/hgfs/proj/cxb-jni/ptolemyII-jni/src/ptserver/lib/hessian-4.0.7.jar"/>  	        <classpathentry kind="lib" path="/mnt/hgfs/proj/cxb-jni/ptolemyII-jni/src/ptserver/lib/wmqtt.jar"/>  	        <classpathentry kind="lib" path="/mnt/hgfs/proj/cxb-jni/ptolemyII-jni/src/lib/mapss.jar"/>  	        <classpathentry kind="lib" path="/mnt/hgfs/proj/cxb-jni/ptolemyII-jni/src/ptolemy/actor/ptalon/antlr/antlr.jar"/>  	        <classpathentry kind="lib" path="/mnt/hgfs/proj/cxb-jni/ptolemyII-jni/src/lib/sootclasses.jar"/>  	        <classpathentry kind="lib" path="/mnt/hgfs/proj/cxb-jni/ptolemyII-jni/src/ptolemy/actor/lib/database/mysql-connector-java-5.1.6-bin.jar"/>  	        <classpathentry kind="lib" path="/mnt/hgfs/proj/cxb-jni/ptolemyII-jni/src/lib/PDFRenderer.jar"/>  	        <classpathentry kind="lib" path="/mnt/hgfs/proj/cxb-jni/ptolemyII-jni/src/lib/hazelcast-3.2.3.jar"/>  	        <classpathentry kind="lib" path="/mnt/hgfs/proj/cxb-jni/ptolemyII-jni/src/lib/jackson-annotations-2.2.2.jar"/>  	        <classpathentry kind="lib" path="/mnt/hgfs/proj/cxb-jni/ptolemyII-jni/src/lib/jackson-core-2.2.2.jar"/>  	        <classpathentry kind="lib" path="/mnt/hgfs/proj/cxb-jni/ptolemyII-jni/src/lib/jackson-databind-2.2.2.jar"/>  	        <classpathentry kind="lib" path="/mnt/hgfs/proj/cxb-jni/ptolemyII-jni/src/lib/java-xmlhttprequest-20140923.jar"/>  	        <classpathentry kind="lib" path="/mnt/hgfs/proj/cxb-jni/ptolemyII-jni/src/lib/netty-all-4.0.21.Final.jar"/>  	        <classpathentry kind="lib" path="/mnt/hgfs/proj/cxb-jni/ptolemyII-jni/src/lib/vertx-core-2.1.4.jar"/>  	        <classpathentry kind="lib" path="/mnt/hgfs/proj/cxb-jni/ptolemyII-jni/src/lib/vertx-hazelcast-2.1.4.jar"/>  	        <classpathentry kind="lib" path="/mnt/hgfs/proj/cxb-jni/ptolemyII-jni/src/lib/vertx-platform-2.1.4.jar"/> '
ECLIPSE_CLASSPATHENTRY_PDE_REQUIREDPLUGINS='<classpathentry kind="con" path="org.eclipse.pde.core.requiredPlugins"/>'
ECLIPSE_DIR='c:/Program\ Files/eclipse'
ECLIPSE_EXCLUDING_SRC='ptolemy/actor/lib/reactable/|ptolemy/apps/eclipse/awt/|ptolemy/backtrack/|ptolemy/backtrack/ast/|ptolemy/actor/lib/jai/|ptolemy/actor/lib/jmf/|ptolemy/actor/lib/opencv/|ptolemy/domains/gr/|ptolemy/actor/lib/fmi/fmus/omc|ptolemy/domains/openmodelica|ptdb/common/util/test/|ptdb/gui/test/|ptdb/kernel/bl/load/test/|ptdb/kernel/bl/migration/test/|ptdb/kernel/bl/save/test/|ptdb/kernel/bl/search/test/|ptdb/kernel/bl/setup/test/|ptdb/kernel/database/test/|ptdb/test/|ptolemy/domains/gr/lib/quicktime/|diva/util/java2d/svg/|ptolemy/domains/ptinyos/|ptolemy/actor/lib/fmi/fmipp/'
EGREP=''
EXEEXT=''
FIND='/usr/bin/find'
GAWK=''
GC_INCLUDE_DIR=''
GC_LD_DIRECTIVE=''
GIOTTO_CLASSES='${GIOTTO_DIR}/gdk.jar'
GIOTTO_DIR='${PTII}/vendors/giotto'
GREP=''
GUAVA_JAR='/mnt/hgfs/proj/cxb-jni/ptolemyII-jni/src/lib/guava.jar'
IMAGEJ_JAR=''
JAI_JARS=''
JAR='/usr/lib/jvm/java-8-oracle/bin/jar'
JARSIGNER='/usr/lib/jvm/java-8-oracle/bin/jarsigner'
JAR_INDEX='"$(JAR)" $(JAR_FLAGS) -i $@'
JAVA32=''
JAVA3D_JARS=''
JAVA='/usr/lib/jvm/java-8-oracle/bin/java'
JAVAC='/usr/lib/jvm/java-8-oracle/bin/javac'
JAVACC='touch'
JAVACC_DIR='/mnt/hgfs/proj/cxb-jni/ptolemyII-jni/src/vendors/sun/javacc-5.0'
JAVACC_OPTIONS=''
JAVACV_JAR=''
JAVADOC='/usr/bin/javadoc'
JAVAH='/usr/bin/javah'
JAVAWS='/usr/lib/jvm/java-8-oracle/bin/javaws'
JAVAX_CRYPTO_JAR='${PTJAVA_HOME}/lib/jce.jar'
JAVA_SYSTEM_JAR='/usr/lib/jvm/java-8-oracle/jre/lib/rt.jar'
JDOCBREAKITERATOR='-breakiterator'
JDOCSOURCEFLAGS=''
JDOCTAG='-tag Pt.AcceptedRating -tag Pt.ProposedRating'
JDOCTAGLET='-tagletpath "${PTII}" -taglet doc.doclets.RatingTaglet'
JINI_DIR='/mnt/hgfs/proj/cxb-jni/ptolemyII-jni/src/ptolemy/distributed/jini'
JINI_PRESENT='yes'
JJTREE='touch'
JJTREE_OPTIONS=''
JMF_JARS=''
JMODELICA_HOME=''
JNA_JAR='/mnt/hgfs/proj/cxb-jni/ptolemyII-jni/src/lib/jna-4.0.0-variadic.jar'
JODE_CLASSES='/mnt/hgfs/proj/cxb-jni/ptolemyII-jni/src/vendors/jode/1.1.2-pre1/jode.jar'
JOYSTICK_JAR='/mnt/hgfs/proj/cxb-jni/ptolemyII-jni/src/vendors/misc/joystick/Joystick.jar'
JTCLSH='"$(JAVA)" -Xmx1000M $(JAVAFLAGS) "-Dptolemy.ptII.dir=$(PTII)" $(JTCLSHFLAGS) tcl.lang.Shell'
JUNIT_JARS='/mnt/hgfs/proj/cxb-jni/ptolemyII-jni/src/lib/junit-4.8.2.jar:/mnt/hgfs/proj/cxb-jni/ptolemyII-jni/src/lib/JUnitParams-0.4.0.jar'
JVERSION='1.8.0_45'
JVERSION_TARGET='1.8'
JYTHON_DIR='/mnt/hgfs/proj/cxb-jni/ptolemyII-jni/src/lib'
KEYTOOL='/usr/lib/jvm/java-8-oracle/bin/keytool'
KIELER_JAR='/mnt/hgfs/proj/cxb-jni/ptolemyII-jni/src/lib/kieler.jar'
KVM_CLASSES='$(KVM_DIR)/bin/api/classes'
KVM_DIR='${PTII}/vendors/sun/j2me_cldc'
LDFLAGS=''
LEJOS_DIR='${PTII}/vendors/lejos/lejosBeta3'
LIBEXPAT_INCLUDE_DIR='/usr/include'
LIBEXPAT_LIB_DIR='/lib/x86_64-linux-gnu'
LIBOBJS=''
LIBS=''
LTLIBOBJS=''
MAJOR_OS_NAME='Linux'
MATLAB='/usr/local/bin/matlab'
MATLAB_64LIBDIR=''
MATLAB_DIR='/usr/local/MATLAB/R2014b'
MATLAB_LIBDIR='/usr/local/MATLAB/R2014b/bin/glnxa64'
MVN=''
MYSQL_JAR='/mnt/hgfs/proj/cxb-jni/ptolemyII-jni/src/ptolemy/actor/lib/database/mysql-connector-java-5.1.6-bin.jar'
OBJEXT=''
OPENCV_JAR=''
ORACLE_OJDBC_JAR='/mnt/hgfs/proj/cxb-jni/ptolemyII-jni/src/ptolemy/actor/lib/database/ojdbc5.jar'
PACKAGE_BUGREPORT=''
PACKAGE_NAME=''
PACKAGE_STRING=''
PACKAGE_TARNAME=''
PACKAGE_URL=''
PACKAGE_VERSION=''
PATH_SEPARATOR=':'
PSDF_DIR='/mnt/hgfs/proj/cxb-jni/ptolemyII-jni/src/lib'
PTANGO_DIR='ptango'
PTANGO_JARS=':/mnt/hgfs/proj/cxb-jni/ptolemyII-jni/src/lib/jetty-all-8.1.5-v20120716.jar:/mnt/hgfs/proj/cxb-jni/ptolemyII-jni/src/lib/javax.servlet-api-3.0.1.jar:/mnt/hgfs/proj/cxb-jni/ptolemyII-jni/src/lib/smack.jar:/mnt/hgfs/proj/cxb-jni/ptolemyII-jni/src/lib/smackx.jar'
PTANGO_PACKAGES='org.ptolemy.ptango.lib org.ptolemy.ptango.lib.http org.ptolemy.ptango.lib.webSocket org.ptolemy.ptango.lib.xmpp '
PTBACKTRACK_DIR='backtrack'
PTBACKTRACK_ECLIPSE_DIR=''
PTBACKTRACK_ECLIPSE_DOC_JARS=''
PTBACKTRACK_ECLIPSE_JARS=''
PTBACKTRACK_ECLIPSE_PACKAGES=''
PTBOOST_INCLUDE_DIR='/usr/local/include'
PTBSH_JAR='/mnt/hgfs/proj/cxb-jni/ptolemyII-jni/src/lib/bsh-2.0b4.jar'
PTBSH_MLC_DIR='mlc'
PTBSH_PACKAGES='com.jgoodies.forms.builder com.jgoodies.forms.debug com.jgoodies.forms.factories com.jgoodies.forms.layout com.jgoodies.forms.util org.mlc.swing.example org.mlc.swing.layout ptolemy.actor.gui.run'
PTBSH_RUN_DIR='run'
PTCALTROP_DIR='caltrop'
PTCC='/usr/bin/gcc'
PTCCJNI='/usr/bin/gcc'
PTCHIC_DIR='chic'
PTCM_DIR=''
PTCOLT_DIR='colt'
PTCOLT_JARS='/mnt/hgfs/proj/cxb-jni/ptolemyII-jni/src/lib/ptcolt.jar'
PTCOLT_PACKAGES='ptolemy.actor.lib.colt'
PTCOMM_DIR='comm'
PTCOMM_PACKAGES=''
PTCOPERNICUS_DIR='copernicus'
PTCUNIT_DIR=''
PTDATABASE_DIR='database'
PTDATABASE_JNLP_JARS='ptolemy/actor/lib/database/database.jar ptolemy/domains/space/space.jar ptolemy/actor/lib/database/mysql-connector-java-5.1.6-bin.jar'
PTDATABASE_PACKAGES='ptolemy.actor.lib.database'
PTDBXML_JARS='/mnt/hgfs/proj/cxb-jni/ptolemyII-jni/src/vendors/oracle/dbxml.jar:/mnt/hgfs/proj/cxb-jni/ptolemyII-jni/src/vendors/oracle/db.jar'
PTDBXML_LIB='/mnt/hgfs/proj/cxb-jni/ptolemyII-jni/src/vendors/misc/dbxml-2.5.16/install/lib'
PTDB_DIR='ptdb'
PTDB_PACKAGES='ptdb.common.dto ptdb.common.exception ptdb.common.util ptdb.gui ptdb.kernel.bl.load ptdb.kernel.bl.migration ptdb.kernel.bl.save ptdb.kernel.bl.search ptdb.kernel.bl.setup ptdb.kernel.database '
PTDISTRIBUTED_DIR='distributed'
PTDISTRIBUTED_JARS=':/mnt/hgfs/proj/cxb-jni/ptolemyII-jni/src/ptolemy/distributed/jini/jar/jini-core.jar:/mnt/hgfs/proj/cxb-jni/ptolemyII-jni/src/ptolemy/distributed/jini/jar/jini-ext.jar:/mnt/hgfs/proj/cxb-jni/ptolemyII-jni/src/ptolemy/distributed/jini/jar/sun-util.jar'
PTDISTRIBUTED_PACKAGES='ptolemy.distributed.actor.lib ptolemy.distributed.actor ptolemy.distributed.client ptolemy.distributed.common ptolemy.distributed.domains.sdf.kernel ptolemy.distributed.rmi ptolemy.distributed.util'
PTDOCLETS_DIR='doclets'
PTECLIPSE=''
PTEXCEL_DIR='excel'
PTEXCEL_PACKAGES='ptolemy.actor.lib.excel'
PTFMIPP_DIR=''
PTFMIPP_PACKAGES=''
PTFMI_DIR='fmi'
PTFMI_PACKAGES='ptolemy.actor.lib.fmi org.ptolemy.fmi org.ptolemy.fmi.driver org.ptolemy.fmi.type ptolemy.vergil.basic.imprt.fmu ptolemy.domains.fmi.kernel ptolemy.domains.fmi.lib'
PTG4LTL_DIR='g4ltl'
PTG4LTL_JAR='/mnt/hgfs/proj/cxb-jni/ptolemyII-jni/src/lib/g4ltl.jar'
PTG4LTL_PACKAGES='ptolemy.vergil.basic.imprt.g4ltl'
PTGDP_DIR='gdp'
PTGDP_PACKAGES='org.terraswarm.gdp org.terraswarm.gdp.apps'
PTGIOTTO_DIR=''
PTGMP_INCLUDE=''
PTGMP_LD_FLAGS=''
PTGMP_LIB=''
PTGRDOMAIN_JAR=''
PTGR_PACKAGES=''
PTHLACERTI_DIR='hlacerti'
PTHLACERTI_PACKAGES='ptolemy.apps.hlacerti.lib'
PTHOMER_DIR='homer'
PTHOMER_JARS='/mnt/hgfs/proj/cxb-jni/ptolemyII-jni/src/lib/org-openide-util.jar:/mnt/hgfs/proj/cxb-jni/ptolemyII-jni/src/lib/org-openide-util-lookup.jar:/mnt/hgfs/proj/cxb-jni/ptolemyII-jni/src/lib/org-netbeans-api-visual.jar'
PTHOMER_PACKAGES='ptolemy.homer.events ptolemy.homer.gui ptolemy.homer ptolemy.homer.kernel ptolemy.homer.widgets'
PTII='/mnt/hgfs/proj/cxb-jni/ptolemyII-jni/src'
PTII_LOCALURL='file:////mnt/hgfs/proj/cxb-jni/ptolemyII-jni/src'
PTITEXTPDF_DIR='itextpdf'
PTITEXTPDF_JAR='/mnt/hgfs/proj/cxb-jni/ptolemyII-jni/src/vendors/misc/itext/iText.jar'
PTITEXTPDF_PACKAGES='ptolemy.vergil.basic.export.itextpdf'
PTJACL_DIR='ptjacl'
PTJACL_JAR='/mnt/hgfs/proj/cxb-jni/ptolemyII-jni/src/lib/ptjacl.jar'
PTJAI_DIR=''
PTJAI_PACKAGES=''
PTJAVA32_DIR='.'
PTJAVA3D_DIR=''
PTJAVACV_DIR=''
PTJAVACV_PACKAGES=''
PTJAVAMAIL_DIR='mail'
PTJAVAMAIL_JARS='/mnt/hgfs/proj/cxb-jni/ptolemyII-jni/src/lib/javax.mail.jar'
PTJAVAMAIL_PACKAGES='ptolemy.actor.lib.mail'
PTJAVASCRIPT_DIR='js'
PTJAVASCRIPT_JAR='/mnt/hgfs/proj/cxb-jni/ptolemyII-jni/src/lib/js.jar'
PTJAVASCRIPT_PACKAGES='ptolemy.actor.lib.js org.terraswarm.kernel org.terraswarm.accessor.js org.terraswarm.accessor.jjs'
PTJAVA_DIR='/usr/lib/jvm/java-8-oracle'
PTJAVA_DIR_NO_CYGDRIVE='/usr/lib/jvm/java-8-oracle'
PTJAVA_HOME='/usr/lib/jvm/java-8-oracle/jre'
PTJCERTI_JAR='/mnt/hgfs/proj/cxb-jni/ptolemyII-jni/src/lib/jcerti.jar'
PTJETTY_JAR='/mnt/hgfs/proj/cxb-jni/ptolemyII-jni/src/lib/jetty-all-8.1.5-v20120716.jar'
PTJJS_DIR='jjs'
PTJMF_DIR=''
PTJMF_PACKAGES=''
PTJMODELICA_DIR=''
PTJMODELICA_PACKAGES=''
PTJNI_ARCHITECTURE='linux'
PTJNI_DL_LIBRARY='-ldl'
PTJNI_GCC_SHARED_FLAG='-shared'
PTJNI_INCLUDE='/usr/lib/jvm/java-8-oracle/jre/../include'
PTJNI_LIBRARIES=''
PTJNI_LIB_ARCHITECTURE='amd64'
PTJNI_NO_CYGWIN=''
PTJNI_SHAREDLIBRARY_CFLAG='-fPIC'
PTJNI_SHAREDLIBRARY_LDFLAG='-fPIC'
PTJNI_SHAREDLIBRARY_PREFIX='lib'
PTJNI_SHAREDLIBRARY_SUFFIX2='so.*'
PTJNI_SHAREDLIBRARY_SUFFIX='so'
PTJOGL_DIR=''
PTJOYSTICK_DIR='joystick'
PTJOYSTICK_PACKAGES='ptolemy.actor.lib.joystick'
PTJSON_DIR='json'
PTJSON_PACKAGES='org.json ptolemy.actor.lib.conversions.json ptolemy.vergil.basic.imprt.accessor'
PTJSOUP_DIR='jsoup'
PTJSOUP_JAR='/mnt/hgfs/proj/cxb-jni/ptolemyII-jni/src/lib/jsoup-1.7.3.jar'
PTJSOUP_PACKAGES='ptolemy.vergil.basic.export.html.jsoup'
PTJUNIT_DIR='junit'
PTJUNIT_PACKAGES='ptolemy.util.test.junit'
PTJXL_JAR='/mnt/hgfs/proj/cxb-jni/ptolemyII-jni/src/ptolemy/actor/lib/excel/jxl.jar'
PTJYTHON=''
PTJYTHON_BAT=''
PTJYTHON_DIR='python'
PTJYTHON_PACKAGES='ptolemy.actor.lib.python ptolemy.actor.gui.python'
PTKIELER_DIR='kieler'
PTKVM_DIR=''
PTLBNL_CROOM_DIR='CRoom'
PTLBNL_CROOM_JAR='CRoom/CRoom.jar'
PTLBNL_DIR='lbnl'
PTLBNL_JARS='lbnl/lbnl.jar lbnl/demo/demo.jar'
PTLBNL_PACKAGES='lbnl.actor.lib lbnl.actor.lib.net lbnl.lib.labview lbnl.lib.xml.src lbnl.util'
PTLEGO_DIR='lego'
PTLEJOS_DIR=''
PTLIBEXPAT_DIR='util'
PTMATLAB_64LD_ARGS=''
PTMATLAB_CC='/usr/bin/gcc'
PTMATLAB_CC_FLAGS='-DPT_NO_ENGGETARRAY -DPT_NO_ENGPUTARRAY -DPT_NO_MXGETNAME '
PTMATLAB_DIR='matlab'
PTMATLAB_JARS='ptolemy/matlab/matlab.jar ptolemy/matlab/demo/demo.jar lib/matlab.jar'
PTMATLAB_LD_ARGS='-shared ptmatlab.cc -fno-exceptions -o libptmatlab.so	-L"/usr/local/MATLAB/R2014b/bin/glnxa64" -fPIC -lc -leng -lmx -lmex -fPIC'
PTMATLAB_MEXEXT='mexa64'
PTMATLAB_PACKAGES='ptolemy.matlab'
PTMESCAL_DIR=''
PTMETROII_DIR='metroII'
PTMETROII_PACKAGES='net.jimblackler.Utils ptolemy.domains.metroII.gui ptolemy.domains.metroII.kernel ptolemy.domains.metroII.kernel.util.ProtoBuf'
PTOAUTHCLIENT_JAR='/mnt/hgfs/proj/cxb-jni/ptolemyII-jni/src/lib/org.apache.oltu.oauth2.client-1.0.1-SNAPSHOT.jar'
PTOAUTHCOMMON_JAR='/mnt/hgfs/proj/cxb-jni/ptolemyII-jni/src/lib/org.apache.oltu.oauth2.common-1.0.1-SNAPSHOT.jar'
PTOMC=''
PTOMC_DIR=''
PTOPENCV_DIR=''
PTOPENCV_INCLUDE_DIR=''
PTOPENCV_PACKAGES=''
PTOPENMODELICA_DIR=''
PTOPENMODELICA_PACKAGES=''
PTOSCP5_DIR='osc'
PTOSCP5_JAR='/mnt/hgfs/proj/cxb-jni/ptolemyII-jni/src/lib/oscP5.jar'
PTOSCP5_PACKAGES='org.ptolemy.osc'
PTPAHO_MQTT_DIRS='localStorage mqtt'
PTPAHO_MQTT_JAR='/mnt/hgfs/proj/cxb-jni/ptolemyII-jni/src/lib/org.eclipse.paho.client.mqttv3.jar'
PTPAHO_MQTT_PACKAGES='ptolemy.actor.lib.jjs.modules.localStorage ptolemy.actor.lib.jjs.modules.mqtt'
PTPDFRENDERER_DIR='pdfrenderer'
PTPDFRENDERER_JAR='/mnt/hgfs/proj/cxb-jni/ptolemyII-jni/src/lib/PDFRenderer.jar'
PTPOWERMOCK_DIR=''
PTPOWERMOCK_JARS=''
PTPROCESSING_JARS=''
PTPROTOBUF_JAR='/mnt/hgfs/proj/cxb-jni/ptolemyII-jni/src/lib/protobuf-java-2.4.1.jar'
PTPSDF_DIR='psdf'
PTPTALON_DIR='ptalon'
PTPTALON_PACKAGES='ptolemy.actor.ptalon ptolemy.actor.ptalon.lib ptolemy.actor.ptalon.gt'
PTQUICKTIME_DIR=''
PTQUICKTIME_PACKAGES=''
PTRXTX_PACKAGES='ptolemy.actor.lib.io.comm'
PTSERVER_DIR='ptserver'
PTSERVER_JARS=':/mnt/hgfs/proj/cxb-jni/ptolemyII-jni/src/ptserver/lib/hessian-4.0.7.jar:/mnt/hgfs/proj/cxb-jni/ptolemyII-jni/src/lib/jetty-all-8.1.5-v20120716.jar:/mnt/hgfs/proj/cxb-jni/ptolemyII-jni/src/lib/javax.servlet-api-3.0.1.jar:/mnt/hgfs/proj/cxb-jni/ptolemyII-jni/src/ptserver/lib/wmqtt.jar'
PTSERVER_PACKAGES='ptserver.actor ptserver.actor.lib.io ptserver.actor.lib.tld ptserver.communication ptserver.control ptserver.data ptserver.data.handler ptserver.util '
PTSERVLET_JAR='/mnt/hgfs/proj/cxb-jni/ptolemyII-jni/src/lib/javax.servlet-api-3.0.1.jar'
PTSOCKETIO_JAR='/mnt/hgfs/proj/cxb-jni/ptolemyII-jni/src/lib/socketio.jar'
PTSPACEDOMAIN_JAR='space/space.jar'
PTSPACEDOMAIN_PACKAGES='ptolemy.domains.space'
PTSPACE_DIR='space'
PTSVG_DIR=''
PTSVG_JAR=''
PTTINI_DIR=''
PTTINYOS_DIR=''
PTVERTXEVENTBUS_DIR='vertxEventBus'
PTVERTX_DIR='vertx'
PTVERTX_JARS='${CLASSPATHSEPARATOR}/mnt/hgfs/proj/cxb-jni/ptolemyII-jni/src/lib/hazelcast-3.2.3.jar${CLASSPATHSEPARATOR}/mnt/hgfs/proj/cxb-jni/ptolemyII-jni/src/lib/jackson-annotations-2.2.2.jar${CLASSPATHSEPARATOR}/mnt/hgfs/proj/cxb-jni/ptolemyII-jni/src/lib/jackson-core-2.2.2.jar${CLASSPATHSEPARATOR}/mnt/hgfs/proj/cxb-jni/ptolemyII-jni/src/lib/jackson-databind-2.2.2.jar${CLASSPATHSEPARATOR}/mnt/hgfs/proj/cxb-jni/ptolemyII-jni/src/lib/java-xmlhttprequest-20140923.jar${CLASSPATHSEPARATOR}/mnt/hgfs/proj/cxb-jni/ptolemyII-jni/src/lib/netty-all-4.0.21.Final.jar${CLASSPATHSEPARATOR}/mnt/hgfs/proj/cxb-jni/ptolemyII-jni/src/lib/vertx-core-2.1.4.jar${CLASSPATHSEPARATOR}/mnt/hgfs/proj/cxb-jni/ptolemyII-jni/src/lib/vertx-hazelcast-2.1.4.jar${CLASSPATHSEPARATOR}/mnt/hgfs/proj/cxb-jni/ptolemyII-jni/src/lib/vertx-platform-2.1.4.jar'
PTVERTX_PACKAGES='ptolemy.actor.lib.vertx ptolemy.actor.lib.jjs.modules.browser ptolemy.actor.lib.jjs.modules.vertxEventBus ptolemy.actor.lib.jjs.modules.webSocket'
PTWABA_DIR=''
PTWEBSOCKET_DIR='webSocket'
PTXMPP_DIR='xmpp'
QTJAVA_ZIP=''
RXTX_JAR='/mnt/hgfs/proj/cxb-jni/ptolemyII-jni/src/vendors/misc/rxtx/RXTXcomm.jar'
RXTX_PRESENT='yes'
SHELL='/bin/bash'
SOOT_CLASSES='${SOOT_DIR}/sootclasses.jar${CLASSPATHSEPARATOR}${CLASSPATHSEPARATOR}${JAVA_SYSTEM_JAR}${CLASSPATHSEPARATOR}${JAVAX_CRYPTO_JAR}'
SOOT_DIR='/mnt/hgfs/proj/cxb-jni/ptolemyII-jni/src/lib'
TINI_CLASSES='${TINI_DIR}/bin/tini.jar'
TINI_DIR='${PTII}/vendors/dalsemi/tini'
TOOLS_JAR='/usr/lib/jvm/java-8-oracle/jre/../lib/tools.jar'
TOSDIR_NO_CYGDRIVE=''
TOSROOT_NO_CYGDRIVE=''
WABA_CLASSES='$(WABA_DIR)/classes'
WABA_DIR='${PTII}/vendors/misc/waba/wabasdk'
ac_ct_CC=''
ac_ct_CXX=''
bindir='${exec_prefix}/bin'
build_alias=''
datadir='${datarootdir}'
datarootdir='${prefix}/share'
docdir='${datarootdir}/doc/${PACKAGE}'
dvidir='${docdir}'
exec_prefix='${prefix}'
host_alias=''
htmldir='${docdir}'
includedir='${prefix}/include'
infodir='${datarootdir}/info'
libdir='${exec_prefix}/lib'
libexecdir='${exec_prefix}/libexec'
localedir='${datarootdir}/locale'
localstatedir='${prefix}/var'
mandir='${datarootdir}/man'
oldincludedir='/usr/include'
pdfdir='${docdir}'
prefix='/mnt/hgfs/proj/cxb-jni/ptolemyII-jni/src'
program_transform_name='s,x,x,'
psdir='${docdir}'
sbindir='${exec_prefix}/sbin'
sharedstatedir='${prefix}/com'
sysconfdir='${prefix}/etc'
target_alias=''

## ----------- ##
## confdefs.h. ##
## ----------- ##

/* confdefs.h */
#define PACKAGE_NAME ""
#define PACKAGE_TARNAME ""
#define PACKAGE_VERSION ""
#define PACKAGE_STRING ""
#define PACKAGE_BUGREPORT ""
#define PACKAGE_URL ""

configure: exit 0
